▶
▶

▮▮
▮▮

[32m[nodemon] restarting due to changes...[39m
[32m[nodemon] starting `node app.js`[39m
listening on port 8888
▮▮
▮▮
▮▮
▮▮
▶
▶
▶
▶
▮▮
▮▮
▮▮
▮▮
▮▮
▮▮
▮▮
▮▮
▮▮
npm ERR! code ELIFECYCLE
npm ERR! errno 143
npm ERR! lyrics-on-spotify@1.0.0 server: `nodemon app.js`
npm ERR! Exit status 143
npm ERR! 
npm ERR! Failed at the lyrics-on-spotify@1.0.0 server script.
npm ERR! This is probably not a problem with npm. There is likely additional logging output above.

npm ERR! A complete log of this run can be found in:
npm ERR!     /home/amine/.npm/_logs/2021-06-11T22_46_53_023Z-debug.log

> lyrics-on-spotify@1.0.0 server /home/amine/lyrics-on-spotify/server
> nodemon app.js

[33m[nodemon] 2.0.7[39m
[33m[nodemon] to restart at any time, enter `rs`[39m
[33m[nodemon] watching path(s): *.*[39m
[33m[nodemon] watching extensions: js,mjs,json[39m
[32m[nodemon] starting `node app.js`[39m
listening on port 8888
(node:170199) [DEP0005] DeprecationWarning: Buffer() is deprecated due to security and usability issues. Please use the Buffer.alloc(), Buffer.allocUnsafe(), or Buffer.from() methods instead.
(Use `node --trace-deprecation ...` to show where the warning was created)
▮▮
[32m[nodemon] restarting due to changes...[39m
[32m[nodemon] starting `node app.js`[39m
listening on port 8888
[32m[nodemon] restarting due to changes...[39m
[32m[nodemon] starting `node app.js`[39m
listening on port 8888
[32m[nodemon] restarting due to changes...[39m
[32m[nodemon] starting `node app.js`[39m
listening on port 8888
[32m[nodemon] restarting due to changes...[39m
[32m[nodemon] starting `node app.js`[39m
listening on port 8888
[32m[nodemon] restarting due to changes...[39m
[32m[nodemon] starting `node app.js`[39m
listening on port 8888
[32m[nodemon] restarting due to changes...[39m
[32m[nodemon] starting `node app.js`[39m
listening on port 8888
▮▮
false
[32m[nodemon] restarting due to changes...[39m
[32m[nodemon] starting `node app.js`[39m
listening on port 8888
[32m[nodemon] restarting due to changes...[39m
[32m[nodemon] starting `node app.js`[39m
/home/amine/lyrics-on-spotify/server/app.js:188
ap
^

ReferenceError: ap is not defined
    at Object.<anonymous> (/home/amine/lyrics-on-spotify/server/app.js:188:1)
    at Module._compile (internal/modules/cjs/loader.js:1068:30)
    at Object.Module._extensions..js (internal/modules/cjs/loader.js:1097:10)
    at Module.load (internal/modules/cjs/loader.js:933:32)
    at Function.Module._load (internal/modules/cjs/loader.js:774:14)
    at Function.executeUserEntryPoint [as runMain] (internal/modules/run_main.js:72:12)
    at internal/main/run_main_module.js:17:47
[31m[nodemon] app crashed - waiting for file changes before starting...[39m
[32m[nodemon] restarting due to changes...[39m
[32m[nodemon] starting `node app.js`[39m
/home/amine/lyrics-on-spotify/server/app.js:188
ap
^

ReferenceError: ap is not defined
    at Object.<anonymous> (/home/amine/lyrics-on-spotify/server/app.js:188:1)
    at Module._compile (internal/modules/cjs/loader.js:1068:30)
    at Object.Module._extensions..js (internal/modules/cjs/loader.js:1097:10)
    at Module.load (internal/modules/cjs/loader.js:933:32)
    at Function.Module._load (internal/modules/cjs/loader.js:774:14)
    at Function.executeUserEntryPoint [as runMain] (internal/modules/run_main.js:72:12)
    at internal/main/run_main_module.js:17:47
[31m[nodemon] app crashed - waiting for file changes before starting...[39m
[32m[nodemon] restarting due to changes...[39m
[32m[nodemon] starting `node app.js`[39m
/home/amine/lyrics-on-spotify/server/app.js:188
ap
^

ReferenceError: ap is not defined
    at Object.<anonymous> (/home/amine/lyrics-on-spotify/server/app.js:188:1)
    at Module._compile (internal/modules/cjs/loader.js:1068:30)
    at Object.Module._extensions..js (internal/modules/cjs/loader.js:1097:10)
    at Module.load (internal/modules/cjs/loader.js:933:32)
    at Function.Module._load (internal/modules/cjs/loader.js:774:14)
    at Function.executeUserEntryPoint [as runMain] (internal/modules/run_main.js:72:12)
    at internal/main/run_main_module.js:17:47
[31m[nodemon] app crashed - waiting for file changes before starting...[39m
[32m[nodemon] restarting due to changes...[39m
[32m[nodemon] starting `node app.js`[39m
/home/amine/lyrics-on-spotify/server/app.js:188
ap
^

ReferenceError: ap is not defined
    at Object.<anonymous> (/home/amine/lyrics-on-spotify/server/app.js:188:1)
    at Module._compile (internal/modules/cjs/loader.js:1068:30)
    at Object.Module._extensions..js (internal/modules/cjs/loader.js:1097:10)
    at Module.load (internal/modules/cjs/loader.js:933:32)
    at Function.Module._load (internal/modules/cjs/loader.js:774:14)
    at Function.executeUserEntryPoint [as runMain] (internal/modules/run_main.js:72:12)
    at internal/main/run_main_module.js:17:47
[31m[nodemon] app crashed - waiting for file changes before starting...[39m
[32m[nodemon] restarting due to changes...[39m
[32m[nodemon] starting `node app.js`[39m
listening on port 8888
[32m[nodemon] restarting due to changes...[39m
[32m[nodemon] starting `node app.js`[39m
/home/amine/lyrics-on-spotify/server/app.js:191
    console.log(playbackstatus === );
                                   ^

SyntaxError: Unexpected token ')'
    at wrapSafe (internal/modules/cjs/loader.js:984:16)
    at Module._compile (internal/modules/cjs/loader.js:1032:27)
    at Object.Module._extensions..js (internal/modules/cjs/loader.js:1097:10)
    at Module.load (internal/modules/cjs/loader.js:933:32)
    at Function.Module._load (internal/modules/cjs/loader.js:774:14)
    at Function.executeUserEntryPoint [as runMain] (internal/modules/run_main.js:72:12)
    at internal/main/run_main_module.js:17:47
[31m[nodemon] app crashed - waiting for file changes before starting...[39m
[32m[nodemon] restarting due to changes...[39m
[32m[nodemon] starting `node app.js`[39m
/home/amine/lyrics-on-spotify/server/app.js:191
    console.log(playbackstatus === );
                                   ^

SyntaxError: Unexpected token ')'
    at wrapSafe (internal/modules/cjs/loader.js:984:16)
    at Module._compile (internal/modules/cjs/loader.js:1032:27)
    at Object.Module._extensions..js (internal/modules/cjs/loader.js:1097:10)
    at Module.load (internal/modules/cjs/loader.js:933:32)
    at Function.Module._load (internal/modules/cjs/loader.js:774:14)
    at Function.executeUserEntryPoint [as runMain] (internal/modules/run_main.js:72:12)
    at internal/main/run_main_module.js:17:47
[31m[nodemon] app crashed - waiting for file changes before starting...[39m
[32m[nodemon] restarting due to changes...[39m
[32m[nodemon] starting `node app.js`[39m
/home/amine/lyrics-on-spotify/server/app.js:191
    console.log(playbackstatus === );
                                   ^

SyntaxError: Unexpected token ')'
    at wrapSafe (internal/modules/cjs/loader.js:984:16)
    at Module._compile (internal/modules/cjs/loader.js:1032:27)
    at Object.Module._extensions..js (internal/modules/cjs/loader.js:1097:10)
    at Module.load (internal/modules/cjs/loader.js:933:32)
    at Function.Module._load (internal/modules/cjs/loader.js:774:14)
    at Function.executeUserEntryPoint [as runMain] (internal/modules/run_main.js:72:12)
    at internal/main/run_main_module.js:17:47
[31m[nodemon] app crashed - waiting for file changes before starting...[39m
[32m[nodemon] restarting due to changes...[39m
[32m[nodemon] starting `node app.js`[39m
listening on port 8888
[32m[nodemon] restarting due to changes...[39m
[32m[nodemon] starting `node app.js`[39m
listening on port 8888
[32m[nodemon] restarting due to changes...[39m
[32m[nodemon] starting `node app.js`[39m
listening on port 8888
[32m[nodemon] restarting due to changes...[39m
[32m[nodemon] starting `node app.js`[39m
listening on port 8888
[32m[nodemon] restarting due to changes...[39m
[32m[nodemon] starting `node app.js`[39m
listening on port 8888
[32m[nodemon] restarting due to changes...[39m
[32m[nodemon] starting `node app.js`[39m
listening on port 8888
[32m[nodemon] restarting due to changes...[39m
[32m[nodemon] starting `node app.js`[39m
listening on port 8888
[32m[nodemon] restarting due to changes...[39m
[32m[nodemon] starting `node app.js`[39m
listening on port 8888
[32m[nodemon] restarting due to changes...[39m
[32m[nodemon] starting `node app.js`[39m
listening on port 8888
[32m[nodemon] restarting due to changes...[39m
[32m[nodemon] starting `node app.js`[39m
listening on port 8888
[32m[nodemon] restarting due to changes...[39m
[32m[nodemon] starting `node app.js`[39m
listening on port 8888
[32m[nodemon] restarting due to changes...[39m
[32m[nodemon] starting `node app.js`[39m
listening on port 8888
[32m[nodemon] restarting due to changes...[39m
[32m[nodemon] starting `node app.js`[39m
listening on port 8888
[32m[nodemon] restarting due to changes...[39m
[32m[nodemon] starting `node app.js`[39m
listening on port 8888
[32m[nodemon] restarting due to changes...[39m
[32m[nodemon] starting `node app.js`[39m
listening on port 8888
[32m[nodemon] restarting due to changes...[39m
[32m[nodemon] starting `node app.js`[39m
listening on port 8888
[32m[nodemon] restarting due to changes...[39m
[32m[nodemon] starting `node app.js`[39m
listening on port 8888
[32m[nodemon] restarting due to changes...[39m
[32m[nodemon] starting `node app.js`[39m
listening on port 8888
[32m[nodemon] restarting due to changes...[39m
[32m[nodemon] starting `node app.js`[39m
listening on port 8888
[32m[nodemon] restarting due to changes...[39m
[32m[nodemon] starting `node app.js`[39m
listening on port 8888
Error: read ECONNRESET
    at TLSWrap.onStreamRead (internal/stream_base_commons.js:209:20) {
  errno: -104,
  code: 'ECONNRESET',
  syscall: 'read',
  config: {
    url: 'https://genius.com/Genius-english-translations-chung-ha-masquerade-english-translation-lyrics',
    method: 'get',
    headers: {
      Accept: 'application/json, text/plain, */*',
      'User-Agent': 'axios/0.21.1'
    },
    transformRequest: [ [Function: transformRequest] ],
    transformResponse: [ [Function: transformResponse] ],
    timeout: 0,
    adapter: [Function: httpAdapter],
    xsrfCookieName: 'XSRF-TOKEN',
    xsrfHeaderName: 'X-XSRF-TOKEN',
    maxContentLength: -1,
    maxBodyLength: -1,
    validateStatus: [Function: validateStatus],
    data: undefined
  },
  request: <ref *1> Writable {
    _writableState: WritableState {
      objectMode: false,
      highWaterMark: 16384,
      finalCalled: false,
      needDrain: false,
      ending: false,
      ended: false,
      finished: false,
      destroyed: false,
      decodeStrings: true,
      defaultEncoding: 'utf8',
      length: 0,
      writing: false,
      corked: 0,
      sync: true,
      bufferProcessing: false,
      onwrite: [Function: bound onwrite],
      writecb: null,
      writelen: 0,
      afterWriteTickInfo: null,
      buffered: [],
      bufferedIndex: 0,
      allBuffers: true,
      allNoop: true,
      pendingcb: 0,
      prefinished: false,
      errorEmitted: false,
      emitClose: true,
      autoDestroy: true,
      errored: null,
      closed: false
    },
    _events: [Object: null prototype] {
      response: [Function: handleResponse],
      error: [Function: handleRequestError]
    },
    _eventsCount: 2,
    _maxListeners: undefined,
    _options: {
      maxRedirects: 21,
      maxBodyLength: 10485760,
      protocol: 'https:',
      path: '/Genius-english-translations-chung-ha-masquerade-english-translation-lyrics',
      method: 'GET',
      headers: [Object],
      agent: undefined,
      agents: [Object],
      auth: undefined,
      hostname: 'genius.com',
      port: null,
      nativeProtocols: [Object],
      pathname: '/Genius-english-translations-chung-ha-masquerade-english-translation-lyrics'
    },
    _ended: true,
    _ending: true,
    _redirectCount: 0,
    _redirects: [],
    _requestBodyLength: 0,
    _requestBodyBuffers: [],
    _onNativeResponse: [Function (anonymous)],
    _currentRequest: ClientRequest {
      _events: [Object: null prototype],
      _eventsCount: 7,
      _maxListeners: undefined,
      outputData: [],
      outputSize: 0,
      writable: true,
      destroyed: false,
      _last: true,
      chunkedEncoding: false,
      shouldKeepAlive: false,
      _defaultKeepAlive: true,
      useChunkedEncodingByDefault: false,
      sendDate: false,
      _removedConnection: false,
      _removedContLen: false,
      _removedTE: false,
      _contentLength: 0,
      _hasBody: true,
      _trailer: '',
      finished: true,
      _headerSent: true,
      socket: [TLSSocket],
      _header: 'GET /Genius-english-translations-chung-ha-masquerade-english-translation-lyrics HTTP/1.1\r\n' +
        'Accept: application/json, text/plain, */*\r\n' +
        'User-Agent: axios/0.21.1\r\n' +
        'Host: genius.com\r\n' +
        'Connection: close\r\n' +
        '\r\n',
      _keepAliveTimeout: 0,
      _onPendingData: [Function: noopPendingOutput],
      agent: [Agent],
      socketPath: undefined,
      method: 'GET',
      maxHeaderSize: undefined,
      insecureHTTPParser: undefined,
      path: '/Genius-english-translations-chung-ha-masquerade-english-translation-lyrics',
      _ended: false,
      res: null,
      aborted: false,
      timeoutCb: null,
      upgradeOrConnect: false,
      parser: null,
      maxHeadersCount: null,
      reusedSocket: false,
      host: 'genius.com',
      protocol: 'https:',
      _redirectable: [Circular *1],
      [Symbol(kCapture)]: false,
      [Symbol(kNeedDrain)]: false,
      [Symbol(corked)]: 0,
      [Symbol(kOutHeaders)]: [Object: null prototype]
    },
    _currentUrl: 'https://genius.com/Genius-english-translations-chung-ha-masquerade-english-translation-lyrics',
    [Symbol(kCapture)]: false
  },
  response: undefined,
  isAxiosError: true,
  toJSON: [Function: toJSON]
}
Error: read ECONNRESET
    at TLSWrap.onStreamRead (internal/stream_base_commons.js:209:20) {
  errno: -104,
  code: 'ECONNRESET',
  syscall: 'read',
  config: {
    url: 'https://genius.com/Genius-english-translations-chung-ha-masquerade-english-translation-lyrics',
    method: 'get',
    headers: {
      Accept: 'application/json, text/plain, */*',
      'User-Agent': 'axios/0.21.1'
    },
    transformRequest: [ [Function: transformRequest] ],
    transformResponse: [ [Function: transformResponse] ],
    timeout: 0,
    adapter: [Function: httpAdapter],
    xsrfCookieName: 'XSRF-TOKEN',
    xsrfHeaderName: 'X-XSRF-TOKEN',
    maxContentLength: -1,
    maxBodyLength: -1,
    validateStatus: [Function: validateStatus],
    data: undefined
  },
  request: <ref *1> Writable {
    _writableState: WritableState {
      objectMode: false,
      highWaterMark: 16384,
      finalCalled: false,
      needDrain: false,
      ending: false,
      ended: false,
      finished: false,
      destroyed: false,
      decodeStrings: true,
      defaultEncoding: 'utf8',
      length: 0,
      writing: false,
      corked: 0,
      sync: true,
      bufferProcessing: false,
      onwrite: [Function: bound onwrite],
      writecb: null,
      writelen: 0,
      afterWriteTickInfo: null,
      buffered: [],
      bufferedIndex: 0,
      allBuffers: true,
      allNoop: true,
      pendingcb: 0,
      prefinished: false,
      errorEmitted: false,
      emitClose: true,
      autoDestroy: true,
      errored: null,
      closed: false
    },
    _events: [Object: null prototype] {
      response: [Function: handleResponse],
      error: [Function: handleRequestError]
    },
    _eventsCount: 2,
    _maxListeners: undefined,
    _options: {
      maxRedirects: 21,
      maxBodyLength: 10485760,
      protocol: 'https:',
      path: '/Genius-english-translations-chung-ha-masquerade-english-translation-lyrics',
      method: 'GET',
      headers: [Object],
      agent: undefined,
      agents: [Object],
      auth: undefined,
      hostname: 'genius.com',
      port: null,
      nativeProtocols: [Object],
      pathname: '/Genius-english-translations-chung-ha-masquerade-english-translation-lyrics'
    },
    _ended: true,
    _ending: true,
    _redirectCount: 0,
    _redirects: [],
    _requestBodyLength: 0,
    _requestBodyBuffers: [],
    _onNativeResponse: [Function (anonymous)],
    _currentRequest: ClientRequest {
      _events: [Object: null prototype],
      _eventsCount: 7,
      _maxListeners: undefined,
      outputData: [],
      outputSize: 0,
      writable: true,
      destroyed: false,
      _last: true,
      chunkedEncoding: false,
      shouldKeepAlive: false,
      _defaultKeepAlive: true,
      useChunkedEncodingByDefault: false,
      sendDate: false,
      _removedConnection: false,
      _removedContLen: false,
      _removedTE: false,
      _contentLength: 0,
      _hasBody: true,
      _trailer: '',
      finished: true,
      _headerSent: true,
      socket: [TLSSocket],
      _header: 'GET /Genius-english-translations-chung-ha-masquerade-english-translation-lyrics HTTP/1.1\r\n' +
        'Accept: application/json, text/plain, */*\r\n' +
        'User-Agent: axios/0.21.1\r\n' +
        'Host: genius.com\r\n' +
        'Connection: close\r\n' +
        '\r\n',
      _keepAliveTimeout: 0,
      _onPendingData: [Function: noopPendingOutput],
      agent: [Agent],
      socketPath: undefined,
      method: 'GET',
      maxHeaderSize: undefined,
      insecureHTTPParser: undefined,
      path: '/Genius-english-translations-chung-ha-masquerade-english-translation-lyrics',
      _ended: false,
      res: null,
      aborted: false,
      timeoutCb: null,
      upgradeOrConnect: false,
      parser: null,
      maxHeadersCount: null,
      reusedSocket: false,
      host: 'genius.com',
      protocol: 'https:',
      _redirectable: [Circular *1],
      [Symbol(kCapture)]: false,
      [Symbol(kNeedDrain)]: false,
      [Symbol(corked)]: 0,
      [Symbol(kOutHeaders)]: [Object: null prototype]
    },
    _currentUrl: 'https://genius.com/Genius-english-translations-chung-ha-masquerade-english-translation-lyrics',
    [Symbol(kCapture)]: false
  },
  response: undefined,
  isAxiosError: true,
  toJSON: [Function: toJSON]
}
Error: read ECONNRESET
    at TLSWrap.onStreamRead (internal/stream_base_commons.js:209:20) {
  errno: -104,
  code: 'ECONNRESET',
  syscall: 'read',
  config: {
    url: 'https://genius.com/Genius-english-translations-chung-ha-masquerade-english-translation-lyrics',
    method: 'get',
    headers: {
      Accept: 'application/json, text/plain, */*',
      'User-Agent': 'axios/0.21.1'
    },
    transformRequest: [ [Function: transformRequest] ],
    transformResponse: [ [Function: transformResponse] ],
    timeout: 0,
    adapter: [Function: httpAdapter],
    xsrfCookieName: 'XSRF-TOKEN',
    xsrfHeaderName: 'X-XSRF-TOKEN',
    maxContentLength: -1,
    maxBodyLength: -1,
    validateStatus: [Function: validateStatus],
    data: undefined
  },
  request: <ref *1> Writable {
    _writableState: WritableState {
      objectMode: false,
      highWaterMark: 16384,
      finalCalled: false,
      needDrain: false,
      ending: false,
      ended: false,
      finished: false,
      destroyed: false,
      decodeStrings: true,
      defaultEncoding: 'utf8',
      length: 0,
      writing: false,
      corked: 0,
      sync: true,
      bufferProcessing: false,
      onwrite: [Function: bound onwrite],
      writecb: null,
      writelen: 0,
      afterWriteTickInfo: null,
      buffered: [],
      bufferedIndex: 0,
      allBuffers: true,
      allNoop: true,
      pendingcb: 0,
      prefinished: false,
      errorEmitted: false,
      emitClose: true,
      autoDestroy: true,
      errored: null,
      closed: false
    },
    _events: [Object: null prototype] {
      response: [Function: handleResponse],
      error: [Function: handleRequestError]
    },
    _eventsCount: 2,
    _maxListeners: undefined,
    _options: {
      maxRedirects: 21,
      maxBodyLength: 10485760,
      protocol: 'https:',
      path: '/Genius-english-translations-chung-ha-masquerade-english-translation-lyrics',
      method: 'GET',
      headers: [Object],
      agent: undefined,
      agents: [Object],
      auth: undefined,
      hostname: 'genius.com',
      port: null,
      nativeProtocols: [Object],
      pathname: '/Genius-english-translations-chung-ha-masquerade-english-translation-lyrics'
    },
    _ended: true,
    _ending: true,
    _redirectCount: 0,
    _redirects: [],
    _requestBodyLength: 0,
    _requestBodyBuffers: [],
    _onNativeResponse: [Function (anonymous)],
    _currentRequest: ClientRequest {
      _events: [Object: null prototype],
      _eventsCount: 7,
      _maxListeners: undefined,
      outputData: [],
      outputSize: 0,
      writable: true,
      destroyed: false,
      _last: true,
      chunkedEncoding: false,
      shouldKeepAlive: false,
      _defaultKeepAlive: true,
      useChunkedEncodingByDefault: false,
      sendDate: false,
      _removedConnection: false,
      _removedContLen: false,
      _removedTE: false,
      _contentLength: 0,
      _hasBody: true,
      _trailer: '',
      finished: true,
      _headerSent: true,
      socket: [TLSSocket],
      _header: 'GET /Genius-english-translations-chung-ha-masquerade-english-translation-lyrics HTTP/1.1\r\n' +
        'Accept: application/json, text/plain, */*\r\n' +
        'User-Agent: axios/0.21.1\r\n' +
        'Host: genius.com\r\n' +
        'Connection: close\r\n' +
        '\r\n',
      _keepAliveTimeout: 0,
      _onPendingData: [Function: noopPendingOutput],
      agent: [Agent],
      socketPath: undefined,
      method: 'GET',
      maxHeaderSize: undefined,
      insecureHTTPParser: undefined,
      path: '/Genius-english-translations-chung-ha-masquerade-english-translation-lyrics',
      _ended: false,
      res: null,
      aborted: false,
      timeoutCb: null,
      upgradeOrConnect: false,
      parser: null,
      maxHeadersCount: null,
      reusedSocket: false,
      host: 'genius.com',
      protocol: 'https:',
      _redirectable: [Circular *1],
      [Symbol(kCapture)]: false,
      [Symbol(kNeedDrain)]: false,
      [Symbol(corked)]: 0,
      [Symbol(kOutHeaders)]: [Object: null prototype]
    },
    _currentUrl: 'https://genius.com/Genius-english-translations-chung-ha-masquerade-english-translation-lyrics',
    [Symbol(kCapture)]: false
  },
  response: undefined,
  isAxiosError: true,
  toJSON: [Function: toJSON]
}
